mail(heinz@system.com, Nachricht von: KIMB CMS, Neuer Gästebucheintrag von bvnn (bnvnbn@dsf.sdf) auf SiteID: 4

vbnvbnvbn, From: KIMB CMS <mail@cms.cms>);

	mail(test1@test.test, Nachricht von: KIMB CMS, HalloTest1,
ihr neues Passwort lautet:?9Tq"-2vU3
Gleich einloggen: http://localhost:8000/index.php?id=1

KIMB CMS, From: KIMB CMS <mail@cms.cms>);

	mail(test1@test.test, Nachricht von: KIMB CMS, Hallo Test1,
ihr neues Passwort lautet: au;Fd6piWl
Gleich einloggen: http://localhost:8000/index.php?id=1

KIMB CMS, From: KIMB CMS <mail@cms.cms>);

	mail(test1@test.test, Nachricht von: KIMB CMS, Hallo Test1,
ihr neues Passwort lautet: c0#O8]m!cw
Gleich einloggen: http://localhost:8000/index.php?id=1

KIMB CMS, From: KIMB CMS <mail@cms.cms>);

	mail(test5@test.test, Nachricht von: KIMB CMS, Hallo Test5,
ihr neues Passwort lautet: [\W0G,?hi3
Gleich einloggen: http://localhost:8000/index.php?id=1

KIMB CMS, From: KIMB CMS <mail@cms.cms>);

	mail(mail@max.de, Nachricht von: KIMB CMS, Hallo ,
Ihr Code lautet:lIEW2a]lJq!qc96\t_nC)Y"m*UsS/wv1K-V]k7&pIvB)q\6V0R

KIMB CMS, From: KIMB CMS <mail@cms.cms>);

	mail(jh@dsf.sdf, Nachricht von: KIMB CMS, Hallo ,
Ihr Code lautet:"&pckg9Z8,)ELTTiiC/lX,B:55NSj)g6GTdornPmAhOV&k8*xa

KIMB CMS, From: KIMB CMS <mail@cms.cms>);

	mail(dfgdf@sd.df, Nachricht von: KIMB CMS, Hallo ,
Ihr Code lautet:mJ&*NVoWo.L*g,STkznS"4raUn.H-?m4]T4]KW5!&c70%ZA[-T

KIMB CMS, From: KIMB CMS <mail@cms.cms>);

	mail(dfvd@dfdsf.sdf, Nachricht von: KIMB CMS, Hallo ,
Ihr Code lautet:_zkeP(d/_9D]0KJC1exu5[N1AVLPn\;nwDyKAn5Er&BnZVx,

KIMB CMS, From: KIMB CMS <mail@cms.cms>);

	mail(cvbc@dsaf.sdf, Nachricht von: KIMB CMS, Hallo ,
Ihr Code lautet:0xvY0a#*QL"-e+\+St+Y7joXmoDC\9?JH)_gI4v0glFul!M92[

KIMB CMS, From: KIMB CMS <mail@cms.cms>);

	